
SQL*Loader: Release 21.0.0.0.0 - Production on Wed Dec 13 23:40:36 2023
Version 21.11.0.0.0

Copyright (c) 1982, 2023, Oracle and/or its affiliates.  All rights reserved.

Control File:   loaderCite.ctl
Data File:      /home/others/ti1140/MIMUW-ADB/parsed/cite.csv
  Bad File:     cite.bad
  Discard File:  none specified
 
 (Allow all discards)

Number to load: ALL
Number to skip: 0
Errors allowed: 50
Bind array:     250 rows, maximum of 1048576 bytes
Continuation:    none specified
Path used:      Conventional

Table CITE, loaded from every logical record.
Insert option in effect for this table: TRUNCATE
TRAILING NULLCOLS option in effect

   Column Name                  Position   Len  Term Encl Datatype
------------------------------ ---------- ----- ---- ---- ---------------------
ID                                                        SEQUENCE (MAX, 1)
CITE                                FIRST     *   ,  O(") CHARACTER            
LABEL                                NEXT     *   ,  O(") CHARACTER            
    NULL if LABEL = 0X6e756c6c(character 'null')
TYPE                                 NEXT     *   ,  O(") CHARACTER            
    NULL if TYPE = 0X6e756c6c(character 'null')
REFERENCE                            NEXT     *   ,  O(") CHARACTER            
    NULL if REFERENCE = 0X6e756c6c(character 'null')
PUBLICATION_KEY                      NEXT     *   ,  O(") CHARACTER            

Record 1: Rejected - Error on table CITE.
ORA-02291: integrity constraint (TI1140.SYS_C009796) violated - parent key not found

Record 2: Rejected - Error on table CITE.
ORA-02291: integrity constraint (TI1140.SYS_C009796) violated - parent key not found

Record 3: Rejected - Error on table CITE.
ORA-02291: integrity constraint (TI1140.SYS_C009796) violated - parent key not found

Record 4: Rejected - Error on table CITE.
ORA-02291: integrity constraint (TI1140.SYS_C009796) violated - parent key not found

Record 5: Rejected - Error on table CITE.
ORA-02291: integrity constraint (TI1140.SYS_C009796) violated - parent key not found

Record 6: Rejected - Error on table CITE.
ORA-02291: integrity constraint (TI1140.SYS_C009796) violated - parent key not found

Record 7: Rejected - Error on table CITE.
ORA-02291: integrity constraint (TI1140.SYS_C009796) violated - parent key not found

Record 8: Rejected - Error on table CITE.
ORA-02291: integrity constraint (TI1140.SYS_C009796) violated - parent key not found

Record 9: Rejected - Error on table CITE.
ORA-02291: integrity constraint (TI1140.SYS_C009796) violated - parent key not found

Record 10: Rejected - Error on table CITE.
ORA-02291: integrity constraint (TI1140.SYS_C009796) violated - parent key not found

Record 11: Rejected - Error on table CITE.
ORA-02291: integrity constraint (TI1140.SYS_C009796) violated - parent key not found

Record 12: Rejected - Error on table CITE.
ORA-02291: integrity constraint (TI1140.SYS_C009796) violated - parent key not found

Record 13: Rejected - Error on table CITE.
ORA-02291: integrity constraint (TI1140.SYS_C009796) violated - parent key not found

Record 14: Rejected - Error on table CITE.
ORA-02291: integrity constraint (TI1140.SYS_C009796) violated - parent key not found

Record 15: Rejected - Error on table CITE.
ORA-02291: integrity constraint (TI1140.SYS_C009796) violated - parent key not found

Record 16: Rejected - Error on table CITE.
ORA-02291: integrity constraint (TI1140.SYS_C009796) violated - parent key not found

Record 17: Rejected - Error on table CITE.
ORA-02291: integrity constraint (TI1140.SYS_C009796) violated - parent key not found

Record 18: Rejected - Error on table CITE.
ORA-02291: integrity constraint (TI1140.SYS_C009796) violated - parent key not found

Record 19: Rejected - Error on table CITE.
ORA-02291: integrity constraint (TI1140.SYS_C009796) violated - parent key not found

Record 20: Rejected - Error on table CITE.
ORA-02291: integrity constraint (TI1140.SYS_C009796) violated - parent key not found

Record 21: Rejected - Error on table CITE.
ORA-02291: integrity constraint (TI1140.SYS_C009796) violated - parent key not found

Record 22: Rejected - Error on table CITE.
ORA-02291: integrity constraint (TI1140.SYS_C009796) violated - parent key not found

Record 23: Rejected - Error on table CITE.
ORA-02291: integrity constraint (TI1140.SYS_C009796) violated - parent key not found

Record 24: Rejected - Error on table CITE.
ORA-02291: integrity constraint (TI1140.SYS_C009796) violated - parent key not found

Record 25: Rejected - Error on table CITE.
ORA-02291: integrity constraint (TI1140.SYS_C009796) violated - parent key not found

Record 26: Rejected - Error on table CITE.
ORA-02291: integrity constraint (TI1140.SYS_C009796) violated - parent key not found

Record 27: Rejected - Error on table CITE.
ORA-02291: integrity constraint (TI1140.SYS_C009796) violated - parent key not found

Record 28: Rejected - Error on table CITE.
ORA-02291: integrity constraint (TI1140.SYS_C009796) violated - parent key not found

Record 29: Rejected - Error on table CITE.
ORA-02291: integrity constraint (TI1140.SYS_C009796) violated - parent key not found

Record 30: Rejected - Error on table CITE.
ORA-02291: integrity constraint (TI1140.SYS_C009796) violated - parent key not found

Record 31: Rejected - Error on table CITE.
ORA-02291: integrity constraint (TI1140.SYS_C009796) violated - parent key not found

Record 32: Rejected - Error on table CITE.
ORA-02291: integrity constraint (TI1140.SYS_C009796) violated - parent key not found

Record 33: Rejected - Error on table CITE.
ORA-02291: integrity constraint (TI1140.SYS_C009796) violated - parent key not found

Record 34: Rejected - Error on table CITE.
ORA-02291: integrity constraint (TI1140.SYS_C009796) violated - parent key not found

Record 35: Rejected - Error on table CITE.
ORA-02291: integrity constraint (TI1140.SYS_C009796) violated - parent key not found

Record 36: Rejected - Error on table CITE.
ORA-02291: integrity constraint (TI1140.SYS_C009796) violated - parent key not found

Record 37: Rejected - Error on table CITE.
ORA-02291: integrity constraint (TI1140.SYS_C009796) violated - parent key not found

Record 38: Rejected - Error on table CITE.
ORA-02291: integrity constraint (TI1140.SYS_C009796) violated - parent key not found

Record 39: Rejected - Error on table CITE.
ORA-02291: integrity constraint (TI1140.SYS_C009796) violated - parent key not found

Record 40: Rejected - Error on table CITE.
ORA-02291: integrity constraint (TI1140.SYS_C009796) violated - parent key not found

Record 41: Rejected - Error on table CITE.
ORA-02291: integrity constraint (TI1140.SYS_C009796) violated - parent key not found

Record 42: Rejected - Error on table CITE.
ORA-02291: integrity constraint (TI1140.SYS_C009796) violated - parent key not found

Record 43: Rejected - Error on table CITE.
ORA-02291: integrity constraint (TI1140.SYS_C009796) violated - parent key not found

Record 44: Rejected - Error on table CITE.
ORA-02291: integrity constraint (TI1140.SYS_C009796) violated - parent key not found

Record 45: Rejected - Error on table CITE.
ORA-02291: integrity constraint (TI1140.SYS_C009796) violated - parent key not found

Record 46: Rejected - Error on table CITE.
ORA-02291: integrity constraint (TI1140.SYS_C009796) violated - parent key not found

Record 47: Rejected - Error on table CITE.
ORA-02291: integrity constraint (TI1140.SYS_C009796) violated - parent key not found

Record 48: Rejected - Error on table CITE.
ORA-02291: integrity constraint (TI1140.SYS_C009796) violated - parent key not found

Record 49: Rejected - Error on table CITE.
ORA-02291: integrity constraint (TI1140.SYS_C009796) violated - parent key not found

Record 50: Rejected - Error on table CITE.
ORA-02291: integrity constraint (TI1140.SYS_C009796) violated - parent key not found

Record 51: Rejected - Error on table CITE.
ORA-02291: integrity constraint (TI1140.SYS_C009796) violated - parent key not found


MAXIMUM ERROR COUNT EXCEEDED - Above statistics reflect partial run.

Table CITE:
  0 Rows successfully loaded.
  51 Rows not loaded due to data errors.
  0 Rows not loaded because all WHEN clauses were failed.
  0 Rows not loaded because all fields were null.


Space allocated for bind array:                 328250 bytes(250 rows)
Read   buffer bytes: 1048576

Total logical records skipped:          0
Total logical records read:           250
Total logical records rejected:        51
Total logical records discarded:        0

Run began on Wed Dec 13 23:40:36 2023
Run ended on Wed Dec 13 23:40:36 2023

Elapsed time was:     00:00:00.18
CPU time was:         00:00:00.02
